{"level":"info","ts":"2023-05-22 23:49:32.306084","msg":"provided","constructor":"github.com/HyetPang/go-frame/internal/components/tasks.New()","type":"*cron.Cron"}
{"level":"info","ts":"2023-05-22 23:49:32.306318","msg":"provided","constructor":"github.com/HyetPang/go-frame/internal/components/logs.New()","type":"*zap.Logger"}
{"level":"info","ts":"2023-05-22 23:49:32.306337","msg":"provided","constructor":"go.uber.org/fx.New.func1()","type":"fx.Lifecycle"}
{"level":"info","ts":"2023-05-22 23:49:32.306347","msg":"provided","constructor":"go.uber.org/fx.(*App).shutdowner-fm()","type":"fx.Shutdowner"}
{"level":"info","ts":"2023-05-22 23:49:32.306361","msg":"provided","constructor":"go.uber.org/fx.(*App).dotGraph-fm()","type":"fx.DotGraph"}
{"level":"info","ts":"2023-05-22 23:49:32.306371","msg":"initialized custom fxevent.Logger","function":"github.com/HyetPang/go-frame/internal/adapter/log.NewFxZap()"}
{"level":"info","ts":"2023-05-22 23:49:32.306534","msg":"started"}
{"level":"info","ts":"2023-05-22 23:50:12.927526","msg":"provided","constructor":"github.com/HyetPang/go-frame/internal/components/tasks.New()","type":"*cron.Cron"}
{"level":"info","ts":"2023-05-22 23:50:12.927702","msg":"provided","constructor":"github.com/HyetPang/go-frame/internal/components/logs.New()","type":"*zap.Logger"}
{"level":"info","ts":"2023-05-22 23:50:12.927718","msg":"provided","constructor":"go.uber.org/fx.New.func1()","type":"fx.Lifecycle"}
{"level":"info","ts":"2023-05-22 23:50:12.927728","msg":"provided","constructor":"go.uber.org/fx.(*App).shutdowner-fm()","type":"fx.Shutdowner"}
{"level":"info","ts":"2023-05-22 23:50:12.927737","msg":"provided","constructor":"go.uber.org/fx.(*App).dotGraph-fm()","type":"fx.DotGraph"}
{"level":"info","ts":"2023-05-22 23:50:12.927746","msg":"initialized custom fxevent.Logger","function":"github.com/HyetPang/go-frame/internal/adapter/log.NewFxZap()"}
{"level":"info","ts":"2023-05-22 23:50:12.927756","msg":"invoking","function":"main.tasks()"}
{"level":"info","ts":"2023-05-22 23:50:12.927954","msg":"OnStart hook executing","callee":"github.com/HyetPang/go-frame/internal/components/tasks.New.func1()","caller":"github.com/HyetPang/go-frame/internal/components/tasks.New"}
{"level":"info","ts":"2023-05-22 23:50:12.927975","msg":"定时任务启动成功"}
{"level":"info","ts":"2023-05-22 23:50:12.927985","msg":"OnStart hook executed","callee":"github.com/HyetPang/go-frame/internal/components/tasks.New.func1()","caller":"github.com/HyetPang/go-frame/internal/components/tasks.New","runtime":"12.125µs"}
{"level":"info","ts":"2023-05-22 23:50:12.928094","msg":"started"}
{"level":"info","ts":"2023-05-22 23:53:37.671073","msg":"provided","constructor":"github.com/HyetPang/go-frame/internal/components/tasks.New()","type":"*cron.Cron"}
{"level":"info","ts":"2023-05-22 23:53:37.671231","msg":"provided","constructor":"github.com/HyetPang/go-frame/internal/components/logs.New()","type":"*zap.Logger"}
{"level":"info","ts":"2023-05-22 23:53:37.671246","msg":"provided","constructor":"go.uber.org/fx.New.func1()","type":"fx.Lifecycle"}
{"level":"info","ts":"2023-05-22 23:53:37.671256","msg":"provided","constructor":"go.uber.org/fx.(*App).shutdowner-fm()","type":"fx.Shutdowner"}
{"level":"info","ts":"2023-05-22 23:53:37.671265","msg":"provided","constructor":"go.uber.org/fx.(*App).dotGraph-fm()","type":"fx.DotGraph"}
{"level":"info","ts":"2023-05-22 23:53:37.671273","msg":"initialized custom fxevent.Logger","function":"github.com/HyetPang/go-frame/internal/adapter/log.NewFxZap()"}
{"level":"info","ts":"2023-05-22 23:53:37.671283","msg":"invoking","function":"main.tasks()"}
{"level":"info","ts":"2023-05-22 23:53:37.671490","msg":"OnStart hook executing","callee":"github.com/HyetPang/go-frame/internal/components/tasks.New.func1()","caller":"github.com/HyetPang/go-frame/internal/components/tasks.New"}
{"level":"info","ts":"2023-05-22 23:53:37.671509","msg":"定时任务启动成功"}
{"level":"info","ts":"2023-05-22 23:53:37.671519","msg":"OnStart hook executed","callee":"github.com/HyetPang/go-frame/internal/components/tasks.New.func1()","caller":"github.com/HyetPang/go-frame/internal/components/tasks.New","runtime":"11.541µs"}
{"level":"info","ts":"2023-05-22 23:53:37.671683","msg":"started"}
{"level":"info","ts":"2023-05-22 23:53:38.001254","msg":"====================="}
{"level":"info","ts":"2023-05-22 23:53:40.001323","msg":"====================="}
{"level":"info","ts":"2023-05-22 23:53:42.000337","msg":"====================="}
{"level":"info","ts":"2023-05-22 23:53:44.001221","msg":"====================="}
{"level":"info","ts":"2023-05-22 23:53:46.001222","msg":"====================="}
{"level":"info","ts":"2023-05-22 23:53:48.001339","msg":"====================="}
{"level":"info","ts":"2023-05-22 23:53:50.001420","msg":"====================="}
{"level":"info","ts":"2023-05-22 23:53:52.001343","msg":"====================="}
{"level":"info","ts":"2023-05-22 23:53:54.001012","msg":"====================="}
{"level":"info","ts":"2023-05-22 23:53:56.001280","msg":"====================="}
{"level":"info","ts":"2023-05-22 23:53:58.001335","msg":"====================="}
{"level":"info","ts":"2023-05-22 23:54:00.000583","msg":"====================="}
{"level":"info","ts":"2023-05-22 23:54:02.001358","msg":"====================="}
{"level":"info","ts":"2023-05-22 23:54:04.001481","msg":"====================="}
{"level":"info","ts":"2023-05-22 23:55:05.332411","msg":"provided","constructor":"github.com/HyetPang/go-frame/internal/components/tasks.New()","type":"*cron.Cron"}
{"level":"info","ts":"2023-05-22 23:55:05.333344","msg":"provided","constructor":"github.com/HyetPang/go-frame/internal/components/logs.New()","type":"*zap.Logger"}
{"level":"info","ts":"2023-05-22 23:55:05.333383","msg":"provided","constructor":"go.uber.org/fx.New.func1()","type":"fx.Lifecycle"}
{"level":"info","ts":"2023-05-22 23:55:05.333396","msg":"provided","constructor":"go.uber.org/fx.(*App).shutdowner-fm()","type":"fx.Shutdowner"}
{"level":"info","ts":"2023-05-22 23:55:05.333407","msg":"provided","constructor":"go.uber.org/fx.(*App).dotGraph-fm()","type":"fx.DotGraph"}
{"level":"info","ts":"2023-05-22 23:55:05.333417","msg":"initialized custom fxevent.Logger","function":"github.com/HyetPang/go-frame/internal/adapter/log.NewFxZap()"}
{"level":"info","ts":"2023-05-22 23:55:05.333434","msg":"invoking","function":"main.tasks()"}
{"level":"info","ts":"2023-05-22 23:55:05.333663","msg":"OnStart hook executing","callee":"github.com/HyetPang/go-frame/internal/components/tasks.New.func1()","caller":"github.com/HyetPang/go-frame/internal/components/tasks.New"}
{"level":"info","ts":"2023-05-22 23:55:05.333681","msg":"定时任务启动成功"}
{"level":"info","ts":"2023-05-22 23:55:05.333696","msg":"OnStart hook executed","callee":"github.com/HyetPang/go-frame/internal/components/tasks.New.func1()","caller":"github.com/HyetPang/go-frame/internal/components/tasks.New","runtime":"11.334µs"}
{"level":"debug","ts":"2023-05-22 23:55:05.333715","msg":"cron_log","cron":"start"}
{"level":"debug","ts":"2023-05-22 23:55:05.333787","msg":"cron_log","cron":"schedule, now=2023-05-22T23:55:05+08:00, entry=1, next=2023-05-22T23:55:06+08:00"}
{"level":"info","ts":"2023-05-22 23:55:05.333831","msg":"started"}
{"level":"debug","ts":"2023-05-22 23:55:06.001123","msg":"cron_log","cron":"wake, now=2023-05-22T23:55:06+08:00"}
{"level":"debug","ts":"2023-05-22 23:55:06.001338","msg":"cron_log","cron":"run, now=2023-05-22T23:55:06+08:00, entry=1, next=2023-05-22T23:55:08+08:00"}
{"level":"info","ts":"2023-05-22 23:55:06.001449","msg":"====================="}
{"level":"debug","ts":"2023-05-22 23:55:08.001465","msg":"cron_log","cron":"wake, now=2023-05-22T23:55:08+08:00"}
{"level":"debug","ts":"2023-05-22 23:55:08.001653","msg":"cron_log","cron":"run, now=2023-05-22T23:55:08+08:00, entry=1, next=2023-05-22T23:55:10+08:00"}
{"level":"info","ts":"2023-05-22 23:55:08.001669","msg":"====================="}
{"level":"debug","ts":"2023-05-22 23:55:10.002047","msg":"cron_log","cron":"wake, now=2023-05-22T23:55:10+08:00"}
{"level":"debug","ts":"2023-05-22 23:55:10.002302","msg":"cron_log","cron":"run, now=2023-05-22T23:55:10+08:00, entry=1, next=2023-05-22T23:55:12+08:00"}
{"level":"info","ts":"2023-05-22 23:55:10.002288","msg":"====================="}
